#
# A fatal error has been detected by the Java Runtime Environment:
#
#  SIGSEGV (0xb) at pc=0x00007fff9720b4dd, pid=392, tid=5643
#
# JRE version: 7.0_25-b15
# Java VM: Java HotSpot(TM) 64-Bit Server VM (23.25-b01 mixed mode bsd-amd64 compressed oops)
# Problematic frame:
# C  [libobjc.A.dylib+0x14dd]  objc_msgSend+0x1d
#
# Failed to write core dump. Core dumps have been disabled. To enable core dumping, try "ulimit -c unlimited" before starting Java again
#
# If you would like to submit a bug report, please visit:
#   http://bugreport.sun.com/bugreport/crash.jsp
# The crash happened outside the Java Virtual Machine in native code.
# See problematic frame for where to report the bug.
#

---------------  T H R E A D  ---------------

Current thread (0x00007fd8ea8a5800):  JavaThread "AppKit Thread" daemon [_thread_in_native, id=5643, stack(0x00007fff5d340000,0x00007fff5db40000)]

siginfo:si_signo=SIGSEGV: si_errno=0, si_code=1 (SEGV_MAPERR), si_addr=0x00007fff00000018

Registers:
RAX=0x0000000000000000, RBX=0x00007fff9720b4c0, RCX=0x0000000000000000, RDX=0x00007fd8ecf37a30
RSP=0x00007fff5db3cbc8, RBP=0x00007fff5db3ce10, RSI=0x00007fff96178674, RDI=0x00007fd8ecee1fc0
R8 =0x00007fd8ea53a350, R9 =0x00007fd8ea569640, R10=0x00007fff96178674, R11=0x00007fff00000000
R12=0x00007fd8ecee1fc0, R13=0x27007e355a9de7a6, R14=0x00007fd8ecf37a30, R15=0x0000000000400000
RIP=0x00007fff9720b4dd, EFLAGS=0x0000000000010206, ERR=0x0000000000000004
  TRAPNO=0x000000000000000e

Top of Stack: (sp=0x00007fff5db3cbc8)
0x00007fff5db3cbc8:   00007fff9588eb8e 000000f800000003
0x00007fff5db3cbd8:   00007fd8ecee1fc0 00007fd8ecf37a30
0x00007fff5db3cbe8:   00007fd8ea479ff0 0000000000000000
0x00007fff5db3cbf8:   0000000000000000 0000081ff15265bb
0x00007fff5db3cc08:   0000000000000100 0000000000002007
0x00007fff5db3cc18:   0000000000000000 0000000400000000
0x00007fff5db3cc28:   0000000000000000 0000000000000001
0x00007fff5db3cc38:   0000000100000285 0000000000000188
0x00007fff5db3cc48:   0000200700017017 0000000000000000
0x00007fff5db3cc58:   0000000000000000 ff00ff8000000037
0x00007fff5db3cc68:   000000e30000002a 0000000100000007
0x00007fff5db3cc78:   0000000000000000 0000000000000000
0x00007fff5db3cc88:   0000000000000000 0000000000000000
0x00007fff5db3cc98:   0000000000000000 0000000000000000
0x00007fff5db3cca8:   0000000003000000 00007fd8ecf60710
0x00007fff5db3ccb8:   0000000000000000 0000000000000000
0x00007fff5db3ccc8:   000000f800000003 000000000000000c
0x00007fff5db3ccd8:   0000000000000000 0000000000000000
0x00007fff5db3cce8:   0000000000000000 0000000000000000
0x00007fff5db3ccf8:   0000081ff15265bb 0000018300000100
0x00007fff5db3cd08:   0000000000002007 0000000000000000
0x00007fff5db3cd18:   0000000400000000 0000000000000000
0x00007fff5db3cd28:   0000000000000001 0000000100000285
0x00007fff5db3cd38:   0000000000000188 0000200700017017
0x00007fff5db3cd48:   0000000000000000 0000000000000000
0x00007fff5db3cd58:   ff00ff8000000037 000000e30000002a
0x00007fff5db3cd68:   0000000100000007 0000000000000000
0x00007fff5db3cd78:   00007fff8ad0d35d 00000001020c5420
0x00007fff5db3cd88:   0000000000000002 00007fff5db3cdb0
0x00007fff5db3cd98:   00007fff8ad0d2ed 00007fd8ea4041c0
0x00007fff5db3cda8:   00007fff789dca40 00007fff5db3ce18
0x00007fff5db3cdb8:   00007fff7887be80 00007fff7887cd90 

Instructions: (pc=0x00007fff9720b4dd)
0x00007fff9720b4bd:   44 00 00 48 85 ff 2e 74 62 40 f6 c7 01 2e 75 66
0x00007fff9720b4cd:   49 bb f8 ff ff ff ff 7f 00 00 4c 23 1f 49 89 f2
0x00007fff9720b4dd:   45 23 53 18 49 c1 e2 04 4d 03 53 10 49 3b 32 75
0x00007fff9720b4ed:   04 41 ff 62 08 49 83 3a 01 76 0d 49 83 c2 10 49 

Register to memory mapping:

RAX=0x0000000000000000 is an unknown value
RBX=0x00007fff9720b4c0: objc_msgSend+0 in /usr/lib/libobjc.A.dylib at 0x00007fff9720a000
RCX=0x0000000000000000 is an unknown value
RDX=0x00007fd8ecf37a30 is an unknown value
RSP=0x00007fff5db3cbc8 is pointing into the stack for thread: 0x00007fd8ea8a5800
RBP=0x00007fff5db3ce10 is pointing into the stack for thread: 0x00007fd8ea8a5800
RSI=0x00007fff96178674: -[NSTitlebarContainerView transparent]+0x1145c in /System/Library/Frameworks/AppKit.framework/Versions/C/AppKit at 0x00007fff95742000
RDI=0x00007fd8ecee1fc0 is an unknown value
R8 =0x00007fd8ea53a350 is an unknown value
R9 =0x00007fd8ea569640 is an unknown value
R10=0x00007fff96178674: -[NSTitlebarContainerView transparent]+0x1145c in /System/Library/Frameworks/AppKit.framework/Versions/C/AppKit at 0x00007fff95742000
R11=0x00007fff00000000 is an unknown value
R12=0x00007fd8ecee1fc0 is an unknown value
R13=0x27007e355a9de7a6 is an unknown value
R14=0x00007fd8ecf37a30 is an unknown value
R15=0x0000000000400000 is an unknown value


Stack: [0x00007fff5d340000,0x00007fff5db40000],  sp=0x00007fff5db3cbc8,  free space=8178k
Native frames: (J=compiled Java code, j=interpreted, Vv=VM code, C=native code)
C  [libobjc.A.dylib+0x14dd]  objc_msgSend+0x1d
C  [libosxapp.dylib+0x1ad1]  -[NSApplicationAWT sendEvent:]+0xb3
C  [AppKit+0x8003a]  -[NSApplication run]+0x31c
C  [libosxapp.dylib+0x19b9]  +[NSApplicationAWT runAWTLoopWithApp:]+0x9c
C  [liblwawt.dylib+0xe13e]  -[AWTStarter starter:]+0x637
C  [Foundation+0x8dd4b]  __NSThreadPerformPerform+0x117
C  [CoreFoundation+0x7e5c1]  __CFRUNLOOP_IS_CALLING_OUT_TO_A_SOURCE0_PERFORM_FUNCTION__+0x11
C  [CoreFoundation+0x7041c]  __CFRunLoopDoSources0+0x22c
C  [CoreFoundation+0x6f93f]  __CFRunLoopRun+0x39f
C  [CoreFoundation+0x6f338]  CFRunLoopRunSpecific+0x128
C  [libjli.dylib+0x788d]  CreateExecutionEnvironment+0x367
C  [libjli.dylib+0x203c]  JLI_Launch+0x7a0
C  [JavaAppLauncher+0x2990]  launch+0x1640
C  [JavaAppLauncher+0x1136]  main+0x66
C  [JavaAppLauncher+0x10c4]  start+0x34


---------------  P R O C E S S  ---------------

Java Threads: ( => current thread )
  0x00007fd8ee59f000 JavaThread "Timer-76" [_thread_blocked, id=75915, stack(0x0000700006756000,0x0000700006f56000)]
  0x00007fd8eac0f000 JavaThread "DestroyJavaVM" [_thread_blocked, id=8707, stack(0x000070000011a000,0x000070000091a000)]
  0x00007fd8eaff7800 JavaThread "Timer-23" [_thread_blocked, id=59139, stack(0x00007000137a4000,0x0000700013fa4000)]
  0x00007fd8ee234800 JavaThread "Timer-21" [_thread_blocked, id=58627, stack(0x000070001279e000,0x0000700012f9e000)]
  0x00007fd8ee1a6800 JavaThread "Timer-20" [_thread_blocked, id=58371, stack(0x0000700011f9b000,0x000070001279b000)]
  0x00007fd8ed0f1800 JavaThread "Timer-19" [_thread_blocked, id=58115, stack(0x0000700011798000,0x0000700011f98000)]
  0x00007fd8ed0f5000 JavaThread "Timer-18" [_thread_blocked, id=57859, stack(0x0000700010f95000,0x0000700011795000)]
  0x00007fd8ee0a9000 JavaThread "Timer-17" [_thread_blocked, id=57603, stack(0x0000700010792000,0x0000700010f92000)]
  0x00007fd8ee0a8800 JavaThread "Timer-16" [_thread_blocked, id=57347, stack(0x000070000ff8f000,0x000070001078f000)]
  0x00007fd8ee0a6800 JavaThread "Timer-15" [_thread_blocked, id=57091, stack(0x000070000f78c000,0x000070000ff8c000)]
  0x00007fd8eb4c0000 JavaThread "Timer-14" [_thread_blocked, id=56835, stack(0x000070000ef89000,0x000070000f789000)]
  0x00007fd8ed0f6000 JavaThread "Timer-13" [_thread_blocked, id=56579, stack(0x000070000e786000,0x000070000ef86000)]
  0x00007fd8eaf52000 JavaThread "Timer-12" [_thread_blocked, id=56323, stack(0x000070000df83000,0x000070000e783000)]
  0x00007fd8ea856800 JavaThread "Timer-11" [_thread_blocked, id=56067, stack(0x000070000d780000,0x000070000df80000)]
  0x00007fd8ea986800 JavaThread "Timer-10" [_thread_blocked, id=55811, stack(0x000070000cf7d000,0x000070000d77d000)]
  0x00007fd8eabbc000 JavaThread "Timer-9" [_thread_blocked, id=55555, stack(0x000070000c77a000,0x000070000cf7a000)]
  0x00007fd8ea872000 JavaThread "Timer-8" [_thread_blocked, id=55299, stack(0x000070000bf77000,0x000070000c777000)]
  0x00007fd8ed816800 JavaThread "Timer-7" [_thread_blocked, id=55043, stack(0x000070000b774000,0x000070000bf74000)]
  0x00007fd8ea871800 JavaThread "Timer-6" [_thread_blocked, id=54787, stack(0x000070000af71000,0x000070000b771000)]
  0x00007fd8edee5000 JavaThread "Timer-5" daemon [_thread_blocked, id=54019, stack(0x000070000a76e000,0x000070000af6e000)]
  0x00007fd8eb778800 JavaThread "Timer-4" [_thread_blocked, id=53763, stack(0x0000700009f6b000,0x000070000a76b000)]
  0x00007fd8ed13f800 JavaThread "Timer-3" [_thread_blocked, id=53507, stack(0x0000700009768000,0x0000700009f68000)]
  0x00007fd8ed03c800 JavaThread "OSMJobThread 1" daemon [_thread_blocked, id=53251, stack(0x0000700008f65000,0x0000700009765000)]
  0x00007fd8eb0e0800 JavaThread "Timer-2" [_thread_blocked, id=52995, stack(0x0000700008762000,0x0000700008f62000)]
  0x00007fd8eaddc000 JavaThread "Timer-1" [_thread_blocked, id=51499, stack(0x0000700007f5f000,0x000070000875f000)]
  0x00007fd8eb119000 JavaThread "Timer-0" [_thread_blocked, id=47643, stack(0x000070000775c000,0x0000700007f5c000)]
  0x00007fd8eb3bd000 JavaThread "AWT-EventQueue-0" [_thread_in_native, id=50451, stack(0x0000700005f53000,0x0000700006753000)]
  0x00007fd8ea8ec000 JavaThread "AWT-Shutdown" [_thread_blocked, id=46599, stack(0x0000700005750000,0x0000700005f50000)]
  0x00007fd8eb136800 JavaThread "TimerQueue" daemon [_thread_blocked, id=13067, stack(0x0000700002e3b000,0x000070000363b000)]
  0x00007fd8eb1a2800 JavaThread "FreeMind server daemon [/Users/mac/.freemind/freemind.socket]" daemon [_thread_in_native, id=32299, stack(0x000070000474a000,0x0000700004f4a000)]
  0x00007fd8ea96b800 JavaThread "Java2D Disposer" daemon [_thread_blocked, id=45571, stack(0x0000700003f47000,0x0000700004747000)]
  0x00007fd8ea8a3800 JavaThread "Java2D Queue Flusher" daemon [_thread_blocked, id=41479, stack(0x0000700003744000,0x0000700003f44000)]
=>0x00007fd8ea8a5800 JavaThread "AppKit Thread" daemon [_thread_in_native, id=5643, stack(0x00007fff5d340000,0x00007fff5db40000)]
  0x00007fd8eb05a800 JavaThread "Service Thread" daemon [_thread_blocked, id=15107, stack(0x0000700002535000,0x0000700002d35000)]
  0x00007fd8ea84a000 JavaThread "C2 CompilerThread1" daemon [_thread_blocked, id=14851, stack(0x0000700002432000,0x0000700002532000)]
  0x00007fd8eb05a000 JavaThread "C2 CompilerThread0" daemon [_thread_blocked, id=14595, stack(0x000070000232f000,0x000070000242f000)]
  0x00007fd8ea83f000 JavaThread "Signal Dispatcher" daemon [_thread_blocked, id=11791, stack(0x0000700001b2c000,0x000070000232c000)]
  0x00007fd8ea80c800 JavaThread "Finalizer" daemon [_thread_blocked, id=11011, stack(0x0000700001223000,0x0000700001a23000)]
  0x00007fd8eb03c800 JavaThread "Reference Handler" daemon [_thread_blocked, id=10755, stack(0x0000700000a20000,0x0000700001220000)]

Other Threads:
  0x00007fd8eb03a000 VMThread [stack: 0x000070000091d000,0x0000700000a1d000] [id=10499]
  0x00007fd8ea833800 WatcherThread [stack: 0x0000700002d38000,0x0000700002e38000] [id=15363]

VM state:not at safepoint (normal execution)

VM Mutex/Monitor currently owned by a thread: None

Heap
 def new generation   total 37440K, used 17227K [0x00000007dae00000, 0x00000007dd6a0000, 0x00000007e58a0000)
  eden space 33280K,  49% used [0x00000007dae00000, 0x00000007dbe17848, 0x00000007dce80000)
  from space 4160K,  18% used [0x00000007dce80000, 0x00000007dcf3b688, 0x00000007dd290000)
  to   space 4160K,   0% used [0x00000007dd290000, 0x00000007dd290000, 0x00000007dd6a0000)
 tenured generation   total 83096K, used 66659K [0x00000007e58a0000, 0x00000007ea9c6000, 0x00000007fae00000)
   the space 83096K,  80% used [0x00000007e58a0000, 0x00000007e99b8df0, 0x00000007e99b8e00, 0x00000007ea9c6000)
 compacting perm gen  total 24768K, used 24704K [0x00000007fae00000, 0x00000007fc630000, 0x0000000800000000)
   the space 24768K,  99% used [0x00000007fae00000, 0x00000007fc6202e0, 0x00000007fc620400, 0x00000007fc630000)
No shared spaces configured.

Card table byte_map: [0x0000000106369000,0x0000000106493000] byte_map_base: 0x0000000102492000

Polling page: 0x00000001023e4000

Code Cache  [0x00000001032a9000, 0x0000000103609000, 0x00000001062a9000)
 total_blobs=1678 nmethods=1138 adapters=490 free_code_cache=45829Kb largest_free_block=46795584

Compilation events (10 events):
Event: 9090.777 Thread 0x00007fd8ea84a000 nmethod 1248 0x00000001035bcdd0 code [0x00000001035bcf00, 0x00000001035bcf78]
Event: 9090.779 Thread 0x00007fd8ea84a000 1249             freemind.view.mindmapview.NodeFoldingComponent::getZoomedCircleRadius (8 bytes)
Event: 9090.781 Thread 0x00007fd8ea84a000 nmethod 1249 0x00000001034b9f10 code [0x00000001034ba0a0, 0x00000001034ba238]
Event: 9090.790 Thread 0x00007fd8eb05a000 nmethod 1247 0x000000010354d610 code [0x000000010354d8a0, 0x000000010354e680]
Event: 9090.836 Thread 0x00007fd8ea84a000   32 %           javax.swing.SwingUtilities::getWindowAncestor @ 5 (31 bytes)
Event: 9090.837 Thread 0x00007fd8ea84a000 nmethod 32% 0x0000000103581410 code [0x0000000103581560, 0x0000000103581638]
Event: 9090.838 Thread 0x00007fd8eb05a000 1250             javax.swing.SwingUtilities::getWindowAncestor (31 bytes)
Event: 9090.839 Thread 0x00007fd8eb05a000 nmethod 1250 0x00000001035bcb10 code [0x00000001035bcc60, 0x00000001035bccf8]
Event: 9090.841 Thread 0x00007fd8eb05a000   33 % !         javax.swing.JComponent::paintChildren @ 177 (669 bytes)
Event: 9091.145 Thread 0x00007fd8eb05a000 nmethod 33% 0x00000001035e5dd0 code [0x00000001035e6260, 0x00000001035e8808]

GC Heap History (10 events):
Event: 7090.693 GC heap before
{Heap before GC invocations=39 (full 2):
 def new generation   total 37440K, used 37410K [0x00000007dae00000, 0x00000007dd6a0000, 0x00000007e58a0000)
  eden space 33280K, 100% used [0x00000007dae00000, 0x00000007dce80000, 0x00000007dce80000)
  from space 4160K,  99% used [0x00000007dd290000, 0x00000007dd698af8, 0x00000007dd6a0000)
  to   space 4160K,   0% used [0x00000007dce80000, 0x00000007dce80000, 0x00000007dd290000)
 tenured generation   total 83096K, used 62649K [0x00000007e58a0000, 0x00000007ea9c6000, 0x00000007fae00000)
   the space 83096K,  75% used [0x00000007e58a0000, 0x00000007e95ce668, 0x00000007e95ce800, 0x00000007ea9c6000)
 compacting perm gen  total 23488K, used 23396K [0x00000007fae00000, 0x00000007fc4f0000, 0x0000000800000000)
   the space 23488K,  99% used [0x00000007fae00000, 0x00000007fc4d9328, 0x00000007fc4d9400, 0x00000007fc4f0000)
No shared spaces configured.
Event: 7091.816 GC heap after
Heap after GC invocations=40 (full 2):
 def new generation   total 37440K, used 481K [0x00000007dae00000, 0x00000007dd6a0000, 0x00000007e58a0000)
  eden space 33280K,   0% used [0x00000007dae00000, 0x00000007dae00000, 0x00000007dce80000)
  from space 4160K,  11% used [0x00000007dce80000, 0x00000007dcef85b0, 0x00000007dd290000)
  to   space 4160K,   0% used [0x00000007dd290000, 0x00000007dd290000, 0x00000007dd6a0000)
 tenured generation   total 83096K, used 66659K [0x00000007e58a0000, 0x00000007ea9c6000, 0x00000007fae00000)
   the space 83096K,  80% used [0x00000007e58a0000, 0x00000007e99b8df0, 0x00000007e99b8e00, 0x00000007ea9c6000)
 compacting perm gen  total 23488K, used 23396K [0x00000007fae00000, 0x00000007fc4f0000, 0x0000000800000000)
   the space 23488K,  99% used [0x00000007fae00000, 0x00000007fc4d9328, 0x00000007fc4d9400, 0x00000007fc4f0000)
No shared spaces configured.
}
Event: 7280.218 GC heap before
{Heap before GC invocations=40 (full 2):
 def new generation   total 37440K, used 33761K [0x00000007dae00000, 0x00000007dd6a0000, 0x00000007e58a0000)
  eden space 33280K, 100% used [0x00000007dae00000, 0x00000007dce80000, 0x00000007dce80000)
  from space 4160K,  11% used [0x00000007dce80000, 0x00000007dcef85b0, 0x00000007dd290000)
  to   space 4160K,   0% used [0x00000007dd290000, 0x00000007dd290000, 0x00000007dd6a0000)
 tenured generation   total 83096K, used 66659K [0x00000007e58a0000, 0x00000007ea9c6000, 0x00000007fae00000)
   the space 83096K,  80% used [0x00000007e58a0000, 0x00000007e99b8df0, 0x00000007e99b8e00, 0x00000007ea9c6000)
 compacting perm gen  total 24448K, used 24339K [0x00000007fae00000, 0x00000007fc5e0000, 0x0000000800000000)
   the space 24448K,  99% used [0x00000007fae00000, 0x00000007fc5c4d40, 0x00000007fc5c4e00, 0x00000007fc5e0000)
No shared spaces configured.
Event: 7280.256 GC heap after
Heap after GC invocations=41 (full 2):
 def new generation   total 37440K, used 916K [0x00000007dae00000, 0x00000007dd6a0000, 0x00000007e58a0000)
  eden space 33280K,   0% used [0x00000007dae00000, 0x00000007dae00000, 0x00000007dce80000)
  from space 4160K,  22% used [0x00000007dd290000, 0x00000007dd375370, 0x00000007dd6a0000)
  to   space 4160K,   0% used [0x00000007dce80000, 0x00000007dce80000, 0x00000007dd290000)
 tenured generation   total 83096K, used 66659K [0x00000007e58a0000, 0x00000007ea9c6000, 0x00000007fae00000)
   the space 83096K,  80% used [0x00000007e58a0000, 0x00000007e99b8df0, 0x00000007e99b8e00, 0x00000007ea9c6000)
 compacting perm gen  total 24448K, used 24339K [0x00000007fae00000, 0x00000007fc5e0000, 0x0000000800000000)
   the space 24448K,  99% used [0x00000007fae00000, 0x00000007fc5c4d40, 0x00000007fc5c4e00, 0x00000007fc5e0000)
No shared spaces configured.
}
Event: 7966.618 GC heap before
{Heap before GC invocations=41 (full 2):
 def new generation   total 37440K, used 34196K [0x00000007dae00000, 0x00000007dd6a0000, 0x00000007e58a0000)
  eden space 33280K, 100% used [0x00000007dae00000, 0x00000007dce80000, 0x00000007dce80000)
  from space 4160K,  22% used [0x00000007dd290000, 0x00000007dd375370, 0x00000007dd6a0000)
  to   space 4160K,   0% used [0x00000007dce80000, 0x00000007dce80000, 0x00000007dd290000)
 tenured generation   total 83096K, used 66659K [0x00000007e58a0000, 0x00000007ea9c6000, 0x00000007fae00000)
   the space 83096K,  80% used [0x00000007e58a0000, 0x00000007e99b8df0, 0x00000007e99b8e00, 0x00000007ea9c6000)
 compacting perm gen  total 24448K, used 24368K [0x00000007fae00000, 0x00000007fc5e0000, 0x0000000800000000)
   the space 24448K,  99% used [0x00000007fae00000, 0x00000007fc5cc200, 0x00000007fc5cc200, 0x00000007fc5e0000)
No shared spaces configured.
Event: 7966.746 GC heap after
Heap after GC invocations=42 (full 2):
 def new generation   total 37440K, used 1912K [0x00000007dae00000, 0x00000007dd6a0000, 0x00000007e58a0000)
  eden space 33280K,   0% used [0x00000007dae00000, 0x00000007dae00000, 0x00000007dce80000)
  from space 4160K,  45% used [0x00000007dce80000, 0x00000007dd05e138, 0x00000007dd290000)
  to   space 4160K,   0% used [0x00000007dd290000, 0x00000007dd290000, 0x00000007dd6a0000)
 tenured generation   total 83096K, used 66659K [0x00000007e58a0000, 0x00000007ea9c6000, 0x00000007fae00000)
   the space 83096K,  80% used [0x00000007e58a0000, 0x00000007e99b8df0, 0x00000007e99b8e00, 0x00000007ea9c6000)
 compacting perm gen  total 24448K, used 24368K [0x00000007fae00000, 0x00000007fc5e0000, 0x0000000800000000)
   the space 24448K,  99% used [0x00000007fae00000, 0x00000007fc5cc200, 0x00000007fc5cc200, 0x00000007fc5e0000)
No shared spaces configured.
}
Event: 9068.065 GC heap before
{Heap before GC invocations=42 (full 2):
 def new generation   total 37440K, used 35192K [0x00000007dae00000, 0x00000007dd6a0000, 0x00000007e58a0000)
  eden space 33280K, 100% used [0x00000007dae00000, 0x00000007dce80000, 0x00000007dce80000)
  from space 4160K,  45% used [0x00000007dce80000, 0x00000007dd05e138, 0x00000007dd290000)
  to   space 4160K,   0% used [0x00000007dd290000, 0x00000007dd290000, 0x00000007dd6a0000)
 tenured generation   total 83096K, used 66659K [0x00000007e58a0000, 0x00000007ea9c6000, 0x00000007fae00000)
   the space 83096K,  80% used [0x00000007e58a0000, 0x00000007e99b8df0, 0x00000007e99b8e00, 0x00000007ea9c6000)
 compacting perm gen  total 24768K, used 24461K [0x00000007fae00000, 0x00000007fc630000, 0x0000000800000000)
   the space 24768K,  98% used [0x00000007fae00000, 0x00000007fc5e37d8, 0x00000007fc5e3800, 0x00000007fc630000)
No shared spaces configured.
Event: 9068.097 GC heap after
Heap after GC invocations=43 (full 2):
 def new generation   total 37440K, used 988K [0x00000007dae00000, 0x00000007dd6a0000, 0x00000007e58a0000)
  eden space 33280K,   0% used [0x00000007dae00000, 0x00000007dae00000, 0x00000007dce80000)
  from space 4160K,  23% used [0x00000007dd290000, 0x00000007dd387188, 0x00000007dd6a0000)
  to   space 4160K,   0% used [0x00000007dce80000, 0x00000007dce80000, 0x00000007dd290000)
 tenured generation   total 83096K, used 66659K [0x00000007e58a0000, 0x00000007ea9c6000, 0x00000007fae00000)
   the space 83096K,  80% used [0x00000007e58a0000, 0x00000007e99b8df0, 0x00000007e99b8e00, 0x00000007ea9c6000)
 compacting perm gen  total 24768K, used 24461K [0x00000007fae00000, 0x00000007fc630000, 0x0000000800000000)
   the space 24768K,  98% used [0x00000007fae00000, 0x00000007fc5e37d8, 0x00000007fc5e3800, 0x00000007fc630000)
No shared spaces configured.
}
Event: 9076.909 GC heap before
{Heap before GC invocations=43 (full 2):
 def new generation   total 37440K, used 34268K [0x00000007dae00000, 0x00000007dd6a0000, 0x00000007e58a0000)
  eden space 33280K, 100% used [0x00000007dae00000, 0x00000007dce80000, 0x00000007dce80000)
  from space 4160K,  23% used [0x00000007dd290000, 0x00000007dd387188, 0x00000007dd6a0000)
  to   space 4160K,   0% used [0x00000007dce80000, 0x00000007dce80000, 0x00000007dd290000)
 tenured generation   total 83096K, used 66659K [0x00000007e58a0000, 0x00000007ea9c6000, 0x00000007fae00000)
   the space 83096K,  80% used [0x00000007e58a0000, 0x00000007e99b8df0, 0x00000007e99b8e00, 0x00000007ea9c6000)
 compacting perm gen  total 24768K, used 24495K [0x00000007fae00000, 0x00000007fc630000, 0x0000000800000000)
   the space 24768K,  98% used [0x00000007fae00000, 0x00000007fc5ebd00, 0x00000007fc5ebe00, 0x00000007fc630000)
No shared spaces configured.
Event: 9076.916 GC heap after
Heap after GC invocations=44 (full 2):
 def new generation   total 37440K, used 749K [0x00000007dae00000, 0x00000007dd6a0000, 0x00000007e58a0000)
  eden space 33280K,   0% used [0x00000007dae00000, 0x00000007dae00000, 0x00000007dce80000)
  from space 4160K,  18% used [0x00000007dce80000, 0x00000007dcf3b688, 0x00000007dd290000)
  to   space 4160K,   0% used [0x00000007dd290000, 0x00000007dd290000, 0x00000007dd6a0000)
 tenured generation   total 83096K, used 66659K [0x00000007e58a0000, 0x00000007ea9c6000, 0x00000007fae00000)
   the space 83096K,  80% used [0x00000007e58a0000, 0x00000007e99b8df0, 0x00000007e99b8e00, 0x00000007ea9c6000)
 compacting perm gen  total 24768K, used 24495K [0x00000007fae00000, 0x00000007fc630000, 0x0000000800000000)
   the space 24768K,  98% used [0x00000007fae00000, 0x00000007fc5ebd00, 0x00000007fc5ebe00, 0x00000007fc630000)
No shared spaces configured.
}

Deoptimization events (10 events):
Event: 9090.295 Thread 0x00007fd8eb3bd000 Uncommon trap -58 fr.pc 0x000000010345b278
Event: 9090.295 Thread 0x00007fd8eb3bd000 Uncommon trap -58 fr.pc 0x000000010345b278
Event: 9090.548 Thread 0x00007fd8eb3bd000 Uncommon trap -34 fr.pc 0x0000000103465ad0
Event: 9090.548 Thread 0x00007fd8eb3bd000 Uncommon trap -34 fr.pc 0x0000000103465ad0
Event: 9090.548 Thread 0x00007fd8eb3bd000 Uncommon trap -34 fr.pc 0x0000000103465ad0
Event: 9090.548 Thread 0x00007fd8eb3bd000 Uncommon trap -34 fr.pc 0x0000000103465ad0
Event: 9090.549 Thread 0x00007fd8eb3bd000 Uncommon trap -58 fr.pc 0x000000010345b278
Event: 9090.549 Thread 0x00007fd8eb3bd000 Uncommon trap -58 fr.pc 0x000000010345b278
Event: 9090.633 Thread 0x00007fd8eb3bd000 Uncommon trap -83 fr.pc 0x00000001034dc450
Event: 9090.765 Thread 0x00007fd8eb3bd000 Uncommon trap -12 fr.pc 0x000000010345a3a4

Internal exceptions (10 events):
Event: 7981.435 Thread 0x00007fd8eb3bd000 Threw 0x00000007db6e0a70 at /HUDSON/workspace/jdk7u25-2-build-macosx-amd64-product/jdk7u25/hotspot/src/share/vm/prims/jni.cpp:742
Event: 7981.453 Thread 0x00007fd8eb3bd000 Threw 0x00000007db6e0a70 at /HUDSON/workspace/jdk7u25-2-build-macosx-amd64-product/jdk7u25/hotspot/src/share/vm/prims/jni.cpp:716
Event: 7981.453 Thread 0x00007fd8eb3bd000 Threw 0x00000007db6e0d58 at /HUDSON/workspace/jdk7u25-2-build-macosx-amd64-product/jdk7u25/hotspot/src/share/vm/prims/jni.cpp:742
Event: 7981.454 Thread 0x00007fd8eb3bd000 Threw 0x00000007db6e0d58 at /HUDSON/workspace/jdk7u25-2-build-macosx-amd64-product/jdk7u25/hotspot/src/share/vm/prims/jni.cpp:716
Event: 9071.228 Thread 0x00007fd8eb3bd000 Threw 0x00000007db13bd90 at /HUDSON/workspace/jdk7u25-2-build-macosx-amd64-product/jdk7u25/hotspot/src/share/vm/prims/jvm.cpp:1235
Event: 9071.285 Thread 0x00007fd8eb3bd000 Threw 0x00000007db158aa0 at /HUDSON/workspace/jdk7u25-2-build-macosx-amd64-product/jdk7u25/hotspot/src/share/vm/prims/jvm.cpp:1235
Event: 9071.288 Thread 0x00007fd8eb3bd000 Threw 0x00000007db175288 at /HUDSON/workspace/jdk7u25-2-build-macosx-amd64-product/jdk7u25/hotspot/src/share/vm/prims/jvm.cpp:1235
Event: 9088.132 Thread 0x00007fd8eb3bd000 Implicit null exception at 0x0000000103485a6a to 0x0000000103485aa1
Event: 9090.678 Thread 0x00007fd8eb3bd000 Threw 0x00000007dbcd1e68 at /HUDSON/workspace/jdk7u25-2-build-macosx-amd64-product/jdk7u25/hotspot/src/share/vm/prims/jvm.cpp:1235
Event: 9090.765 Thread 0x00007fd8eb3bd000 Implicit null exception at 0x000000010345a337 to 0x000000010345a396

Events (10 events):
Event: 9090.793 Executing VM operation: BulkRevokeBias
Event: 9090.794 Executing VM operation: BulkRevokeBias done
Event: 9090.865 Executing VM operation: BulkRevokeBias
Event: 9091.079 Executing VM operation: BulkRevokeBias done
Event: 9091.087 loading class 0x00007fd8ea5ae210
Event: 9091.108 loading class 0x00007fd8ea5ae210 done
Event: 9091.108 loading class 0x00007fd8ea421e70
Event: 9091.108 loading class 0x00007fd8ea421e70 done
Event: 9091.129 Executing VM operation: RevokeBias
Event: 9091.129 Executing VM operation: RevokeBias done


Dynamic libraries:
0x0000000005500000 	/System/Library/Frameworks/Cocoa.framework/Versions/A/Cocoa
0x0000000005500000 	/usr/lib/libSystem.B.dylib
0x0000000005500000 	/usr/lib/libobjc.A.dylib
0x0000000005500000 	/System/Library/Frameworks/CoreFoundation.framework/Versions/A/CoreFoundation
0x0000000005500000 	/System/Library/Frameworks/Foundation.framework/Versions/C/Foundation
0x0000000005500000 	/System/Library/Frameworks/AppKit.framework/Versions/C/AppKit
0x0000000005500000 	/System/Library/Frameworks/CoreData.framework/Versions/A/CoreData
0x0000000005500000 	/System/Library/PrivateFrameworks/RemoteViewServices.framework/Versions/A/RemoteViewServices
0x0000000005500000 	/System/Library/PrivateFrameworks/UIFoundation.framework/Versions/A/UIFoundation
0x0000000005500000 	/usr/lib/libScreenReader.dylib
0x0000000005500000 	/System/Library/Frameworks/Accelerate.framework/Versions/A/Accelerate
0x0000000005500000 	/System/Library/Frameworks/IOSurface.framework/Versions/A/IOSurface
0x0000000005500000 	/System/Library/Frameworks/ApplicationServices.framework/Versions/A/ApplicationServices
0x0000000005500000 	/System/Library/Frameworks/AudioToolbox.framework/Versions/A/AudioToolbox
0x0000000005500000 	/System/Library/Frameworks/AudioUnit.framework/Versions/A/AudioUnit
0x0000000005500000 	/System/Library/PrivateFrameworks/DataDetectorsCore.framework/Versions/A/DataDetectorsCore
0x0000000005500000 	/System/Library/PrivateFrameworks/DesktopServicesPriv.framework/Versions/A/DesktopServicesPriv
0x0000000005500000 	/System/Library/Frameworks/Carbon.framework/Versions/A/Frameworks/HIToolbox.framework/Versions/A/HIToolbox
0x0000000005500000 	/System/Library/Frameworks/QuartzCore.framework/Versions/A/QuartzCore
0x0000000005500000 	/System/Library/Frameworks/Security.framework/Versions/A/Security
0x0000000005500000 	/System/Library/Frameworks/Carbon.framework/Versions/A/Frameworks/SpeechRecognition.framework/Versions/A/SpeechRecognition
0x0000000005500000 	/usr/lib/libauto.dylib
0x0000000005500000 	/usr/lib/libicucore.A.dylib
0x0000000005500000 	/usr/lib/libxml2.2.dylib
0x0000000005500000 	/usr/lib/libz.1.dylib
0x0000000005500000 	/System/Library/PrivateFrameworks/CoreUI.framework/Versions/A/CoreUI
0x0000000005500000 	/System/Library/Frameworks/CoreAudio.framework/Versions/A/CoreAudio
0x0000000005500000 	/System/Library/Frameworks/DiskArbitration.framework/Versions/A/DiskArbitration
0x0000000005500000 	/usr/lib/liblangid.dylib
0x0000000005500000 	/System/Library/PrivateFrameworks/MultitouchSupport.framework/Versions/A/MultitouchSupport
0x0000000005500000 	/System/Library/Frameworks/IOKit.framework/Versions/A/IOKit
0x0000000005500000 	/usr/lib/libDiagnosticMessagesClient.dylib
0x0000000005500000 	/System/Library/Frameworks/CoreServices.framework/Versions/A/CoreServices
0x0000000005500000 	/System/Library/PrivateFrameworks/PerformanceAnalysis.framework/Versions/A/PerformanceAnalysis
0x0000000005500000 	/System/Library/PrivateFrameworks/GenerationalStorage.framework/Versions/A/GenerationalStorage
0x0000000005500000 	/System/Library/Frameworks/OpenGL.framework/Versions/A/OpenGL
0x0000000005500000 	/System/Library/PrivateFrameworks/Sharing.framework/Versions/A/Sharing
0x0000000005500000 	/System/Library/Frameworks/CoreGraphics.framework/Versions/A/CoreGraphics
0x0000000005500000 	/System/Library/Frameworks/CoreImage.framework/Versions/A/CoreImage
0x0000000005500000 	/System/Library/Frameworks/CoreText.framework/Versions/A/CoreText
0x0000000005500000 	/System/Library/Frameworks/ImageIO.framework/Versions/A/ImageIO
0x0000000005500000 	/System/Library/PrivateFrameworks/Backup.framework/Versions/A/Backup
0x0000000005500000 	/usr/lib/libextension.dylib
0x0000000005500000 	/usr/lib/libarchive.2.dylib
0x0000000005500000 	/System/Library/Frameworks/CFNetwork.framework/Versions/A/CFNetwork
0x0000000005500000 	/System/Library/Frameworks/SystemConfiguration.framework/Versions/A/SystemConfiguration
0x0000000005500000 	/usr/lib/libCRFSuite.dylib
0x0000000005500000 	/usr/lib/libc++.1.dylib
0x0000000005500000 	/usr/lib/libc++abi.dylib
0x0000000005500000 	/usr/lib/system/libcache.dylib
0x0000000005500000 	/usr/lib/system/libcommonCrypto.dylib
0x0000000005500000 	/usr/lib/system/libcompiler_rt.dylib
0x0000000005500000 	/usr/lib/system/libcopyfile.dylib
0x0000000005500000 	/usr/lib/system/libcorecrypto.dylib
0x0000000005500000 	/usr/lib/system/libdispatch.dylib
0x0000000005500000 	/usr/lib/system/libdyld.dylib
0x0000000005500000 	/usr/lib/system/libkeymgr.dylib
0x0000000005500000 	/usr/lib/system/liblaunch.dylib
0x0000000005500000 	/usr/lib/system/libmacho.dylib
0x0000000005500000 	/usr/lib/system/libquarantine.dylib
0x0000000005500000 	/usr/lib/system/libremovefile.dylib
0x0000000005500000 	/usr/lib/system/libsystem_asl.dylib
0x0000000005500000 	/usr/lib/system/libsystem_blocks.dylib
0x0000000005500000 	/usr/lib/system/libsystem_c.dylib
0x0000000005500000 	/usr/lib/system/libsystem_configuration.dylib
0x0000000005500000 	/usr/lib/system/libsystem_coreservices.dylib
0x0000000005500000 	/usr/lib/system/libsystem_coretls.dylib
0x0000000005500000 	/usr/lib/system/libsystem_dnssd.dylib
0x0000000005500000 	/usr/lib/system/libsystem_info.dylib
0x0000000005500000 	/usr/lib/system/libsystem_kernel.dylib
0x0000000005500000 	/usr/lib/system/libsystem_m.dylib
0x0000000005500000 	/usr/lib/system/libsystem_malloc.dylib
0x0000000005500000 	/usr/lib/system/libsystem_network.dylib
0x0000000005500000 	/usr/lib/system/libsystem_networkextension.dylib
0x0000000005500000 	/usr/lib/system/libsystem_notify.dylib
0x0000000005500000 	/usr/lib/system/libsystem_platform.dylib
0x0000000005500000 	/usr/lib/system/libsystem_pthread.dylib
0x0000000005500000 	/usr/lib/system/libsystem_sandbox.dylib
0x0000000005500000 	/usr/lib/system/libsystem_secinit.dylib
0x0000000005500000 	/usr/lib/system/libsystem_trace.dylib
0x0000000005500000 	/usr/lib/system/libunc.dylib
0x0000000005500000 	/usr/lib/system/libunwind.dylib
0x0000000005500000 	/usr/lib/system/libxpc.dylib
0x0000000005500000 	/usr/lib/libenergytrace.dylib
0x0000000005500000 	/usr/lib/libbsm.0.dylib
0x0000000005500000 	/usr/lib/system/libkxld.dylib
0x0000000005500000 	/usr/lib/libxar.1.dylib
0x0000000005500000 	/usr/lib/libsqlite3.dylib
0x0000000005500000 	/usr/lib/libpam.2.dylib
0x0000000005500000 	/usr/lib/libOpenScriptingUtil.dylib
0x0000000005500000 	/usr/lib/libbz2.1.0.dylib
0x0000000005500000 	/usr/lib/liblzma.5.dylib
0x0000000005500000 	/System/Library/Frameworks/CoreServices.framework/Versions/A/Frameworks/FSEvents.framework/Versions/A/FSEvents
0x0000000005500000 	/System/Library/Frameworks/CoreServices.framework/Versions/A/Frameworks/CarbonCore.framework/Versions/A/CarbonCore
0x0000000005500000 	/System/Library/Frameworks/CoreServices.framework/Versions/A/Frameworks/Metadata.framework/Versions/A/Metadata
0x0000000005500000 	/System/Library/Frameworks/CoreServices.framework/Versions/A/Frameworks/OSServices.framework/Versions/A/OSServices
0x0000000005500000 	/System/Library/Frameworks/CoreServices.framework/Versions/A/Frameworks/SearchKit.framework/Versions/A/SearchKit
0x0000000005500000 	/System/Library/Frameworks/CoreServices.framework/Versions/A/Frameworks/AE.framework/Versions/A/AE
0x0000000005500000 	/System/Library/Frameworks/CoreServices.framework/Versions/A/Frameworks/LaunchServices.framework/Versions/A/LaunchServices
0x0000000005500000 	/System/Library/Frameworks/CoreServices.framework/Versions/A/Frameworks/DictionaryServices.framework/Versions/A/DictionaryServices
0x0000000005500000 	/System/Library/Frameworks/CoreServices.framework/Versions/A/Frameworks/SharedFileList.framework/Versions/A/SharedFileList
0x0000000005500000 	/System/Library/Frameworks/NetFS.framework/Versions/A/NetFS
0x0000000005500000 	/System/Library/PrivateFrameworks/NetAuth.framework/Versions/A/NetAuth
0x0000000005500000 	/System/Library/PrivateFrameworks/login.framework/Versions/A/Frameworks/loginsupport.framework/Versions/A/loginsupport
0x0000000005500000 	/System/Library/PrivateFrameworks/TCC.framework/Versions/A/TCC
0x0000000005500000 	/usr/lib/libmecabra.dylib
0x0000000005500000 	/System/Library/Frameworks/ApplicationServices.framework/Versions/A/Frameworks/ATS.framework/Versions/A/ATS
0x0000000005500000 	/System/Library/Frameworks/ApplicationServices.framework/Versions/A/Frameworks/ColorSync.framework/Versions/A/ColorSync
0x0000000005500000 	/System/Library/Frameworks/ApplicationServices.framework/Versions/A/Frameworks/HIServices.framework/Versions/A/HIServices
0x0000000005500000 	/System/Library/Frameworks/ApplicationServices.framework/Versions/A/Frameworks/LangAnalysis.framework/Versions/A/LangAnalysis
0x0000000005500000 	/System/Library/Frameworks/ApplicationServices.framework/Versions/A/Frameworks/PrintCore.framework/Versions/A/PrintCore
0x0000000005500000 	/System/Library/Frameworks/ApplicationServices.framework/Versions/A/Frameworks/QD.framework/Versions/A/QD
0x0000000005500000 	/System/Library/Frameworks/ApplicationServices.framework/Versions/A/Frameworks/SpeechSynthesis.framework/Versions/A/SpeechSynthesis
0x0000000005500000 	/System/Library/Frameworks/Metal.framework/Versions/A/Metal
0x0000000005500000 	/System/Library/Frameworks/Accelerate.framework/Versions/A/Frameworks/vImage.framework/Versions/A/vImage
0x0000000005500000 	/System/Library/Frameworks/Accelerate.framework/Versions/A/Frameworks/vecLib.framework/Versions/A/vecLib
0x0000000005500000 	/System/Library/Frameworks/Accelerate.framework/Versions/A/Frameworks/vecLib.framework/Versions/A/libvDSP.dylib
0x0000000005500000 	/System/Library/Frameworks/Accelerate.framework/Versions/A/Frameworks/vecLib.framework/Versions/A/libvMisc.dylib
0x0000000005500000 	/System/Library/Frameworks/Accelerate.framework/Versions/A/Frameworks/vecLib.framework/Versions/A/libLAPACK.dylib
0x0000000005500000 	/System/Library/Frameworks/Accelerate.framework/Versions/A/Frameworks/vecLib.framework/Versions/A/libBLAS.dylib
0x0000000005500000 	/System/Library/Frameworks/Accelerate.framework/Versions/A/Frameworks/vecLib.framework/Versions/A/libLinearAlgebra.dylib
0x0000000005500000 	/System/Library/Frameworks/Accelerate.framework/Versions/A/Frameworks/vecLib.framework/Versions/A/libSparseBLAS.dylib
0x0000000005500000 	/System/Library/PrivateFrameworks/GPUCompiler.framework/libmetal_timestamp.dylib
0x0000000005500000 	/System/Library/Frameworks/OpenGL.framework/Versions/A/Libraries/libCoreFSCache.dylib
0x0000000005500000 	/System/Library/PrivateFrameworks/IOAccelerator.framework/Versions/A/IOAccelerator
0x0000000005500000 	/System/Library/Frameworks/ApplicationServices.framework/Versions/A/Frameworks/ATS.framework/Versions/A/Resources/libFontParser.dylib
0x0000000005500000 	/System/Library/Frameworks/ApplicationServices.framework/Versions/A/Frameworks/ATS.framework/Versions/A/Resources/libFontRegistry.dylib
0x0000000005500000 	/System/Library/PrivateFrameworks/AppleVPA.framework/Versions/A/AppleVPA
0x0000000005500000 	/System/Library/PrivateFrameworks/AppleJPEG.framework/Versions/A/AppleJPEG
0x0000000005500000 	/System/Library/Frameworks/ImageIO.framework/Versions/A/Resources/libJPEG.dylib
0x0000000005500000 	/System/Library/Frameworks/ImageIO.framework/Versions/A/Resources/libTIFF.dylib
0x0000000005500000 	/System/Library/Frameworks/ImageIO.framework/Versions/A/Resources/libPng.dylib
0x0000000005500000 	/System/Library/Frameworks/ImageIO.framework/Versions/A/Resources/libGIF.dylib
0x0000000005500000 	/System/Library/Frameworks/ImageIO.framework/Versions/A/Resources/libJP2.dylib
0x0000000005500000 	/System/Library/Frameworks/ImageIO.framework/Versions/A/Resources/libRadiance.dylib
0x0000000005500000 	/System/Library/Frameworks/CoreVideo.framework/Versions/A/CoreVideo
0x0000000005500000 	/System/Library/Frameworks/OpenGL.framework/Versions/A/Libraries/libGLU.dylib
0x0000000005500000 	/System/Library/Frameworks/OpenGL.framework/Versions/A/Libraries/libGFXShared.dylib
0x0000000005500000 	/System/Library/Frameworks/OpenGL.framework/Versions/A/Libraries/libGL.dylib
0x0000000005500000 	/System/Library/Frameworks/OpenGL.framework/Versions/A/Libraries/libGLImage.dylib
0x0000000005500000 	/System/Library/Frameworks/OpenGL.framework/Versions/A/Libraries/libCVMSPluginSupport.dylib
0x0000000005500000 	/System/Library/Frameworks/OpenGL.framework/Versions/A/Libraries/libCoreVMClient.dylib
0x0000000005500000 	/usr/lib/libcups.2.dylib
0x0000000005500000 	/System/Library/Frameworks/Kerberos.framework/Versions/A/Kerberos
0x0000000005500000 	/System/Library/Frameworks/GSS.framework/Versions/A/GSS
0x0000000005500000 	/usr/lib/libresolv.9.dylib
0x0000000005500000 	/usr/lib/libiconv.2.dylib
0x0000000005500000 	/System/Library/PrivateFrameworks/Heimdal.framework/Versions/A/Heimdal
0x0000000005500000 	/usr/lib/libheimdal-asn1.dylib
0x0000000005500000 	/System/Library/Frameworks/OpenDirectory.framework/Versions/A/OpenDirectory
0x0000000005500000 	/System/Library/PrivateFrameworks/CommonAuth.framework/Versions/A/CommonAuth
0x0000000005500000 	/System/Library/Frameworks/OpenDirectory.framework/Versions/A/Frameworks/CFOpenDirectory.framework/Versions/A/CFOpenDirectory
0x0000000005500000 	/System/Library/Frameworks/SecurityFoundation.framework/Versions/A/SecurityFoundation
0x0000000005500000 	/System/Library/PrivateFrameworks/LanguageModeling.framework/Versions/A/LanguageModeling
0x0000000005500000 	/usr/lib/libmarisa.dylib
0x0000000005500000 	/usr/lib/libChineseTokenizer.dylib
0x0000000005500000 	/usr/lib/libcmph.dylib
0x0000000005500000 	/usr/lib/libcompression.dylib
0x0000000005500000 	/System/Library/Frameworks/ServiceManagement.framework/Versions/A/ServiceManagement
0x0000000005500000 	/usr/lib/libxslt.1.dylib
0x0000000005500000 	/System/Library/Frameworks/Carbon.framework/Versions/A/Frameworks/Ink.framework/Versions/A/Ink
0x0000000005500000 	/usr/lib/libFosl_dynamic.dylib
0x0000000005500000 	/System/Library/PrivateFrameworks/FaceCore.framework/Versions/A/FaceCore
0x0000000005500000 	/System/Library/Frameworks/OpenCL.framework/Versions/A/OpenCL
0x0000000005500000 	/System/Library/PrivateFrameworks/CrashReporterSupport.framework/Versions/A/CrashReporterSupport
0x0000000005500000 	/System/Library/PrivateFrameworks/IconServices.framework/Versions/A/IconServices
0x0000000005500000 	/System/Library/PrivateFrameworks/Apple80211.framework/Versions/A/Apple80211
0x0000000005500000 	/System/Library/Frameworks/CoreWLAN.framework/Versions/A/CoreWLAN
0x0000000005500000 	/System/Library/Frameworks/IOBluetooth.framework/Versions/A/IOBluetooth
0x0000000005500000 	/System/Library/PrivateFrameworks/CoreWiFi.framework/Versions/A/CoreWiFi
0x0000000005500000 	/System/Library/Frameworks/CoreBluetooth.framework/Versions/A/CoreBluetooth
0x0000000005500000 	/System/Library/PrivateFrameworks/ChunkingLibrary.framework/Versions/A/ChunkingLibrary
0x0000000005500000 	/System/Library/PrivateFrameworks/DebugSymbols.framework/Versions/A/DebugSymbols
0x0000000005500000 	/System/Library/PrivateFrameworks/CoreSymbolication.framework/Versions/A/CoreSymbolication
0x0000000005500000 	/System/Library/PrivateFrameworks/Symbolication.framework/Versions/A/Symbolication
0x0000000005500000 	/System/Library/PrivateFrameworks/SpeechRecognitionCore.framework/Versions/A/SpeechRecognitionCore
0x00000000479f8000 	/System/Library/CoreServices/Encodings/libJapaneseConverter.dylib
0x000000010234a000 	/Applications/FreeMind2.app/Contents/PlugIns/jdk1.7.0_25.jdk/Contents/Home/jre/lib/jli/libjli.dylib
0x0000000102800000 	/Applications/FreeMind2.app/Contents/PlugIns/jdk1.7.0_25.jdk/Contents/Home/jre//lib/server/libjvm.dylib
0x0000000005500000 	/usr/lib/libstdc++.6.dylib
0x00000001023a7000 	/Applications/FreeMind2.app/Contents/PlugIns/jdk1.7.0_25.jdk/Contents/Home/jre/lib/libverify.dylib
0x00000001023b4000 	/Applications/FreeMind2.app/Contents/PlugIns/jdk1.7.0_25.jdk/Contents/Home/jre/lib/libjava.dylib
0x00000001023ed000 	/Applications/FreeMind2.app/Contents/PlugIns/jdk1.7.0_25.jdk/Contents/Home/jre/lib/libzip.dylib
0x00000001067eb000 	/System/Library/Frameworks/JavaVM.framework/Frameworks/JavaRuntimeSupport.framework/JavaRuntimeSupport
0x0000000106806000 	/System/Library/Frameworks/JavaVM.framework/Versions/A/Frameworks/JavaNativeFoundation.framework/Versions/A/JavaNativeFoundation
0x000000010681b000 	/System/Library/Frameworks/JavaVM.framework/Versions/A/JavaVM
0x0000000005500000 	/System/Library/Frameworks/Carbon.framework/Versions/A/Carbon
0x0000000106828000 	/System/Library/PrivateFrameworks/JavaLaunching.framework/Versions/A/JavaLaunching
0x0000000005500000 	/System/Library/Frameworks/Carbon.framework/Versions/A/Frameworks/CommonPanels.framework/Versions/A/CommonPanels
0x0000000005500000 	/System/Library/Frameworks/Carbon.framework/Versions/A/Frameworks/Help.framework/Versions/A/Help
0x0000000005500000 	/System/Library/Frameworks/Carbon.framework/Versions/A/Frameworks/ImageCapture.framework/Versions/A/ImageCapture
0x0000000005500000 	/System/Library/Frameworks/Carbon.framework/Versions/A/Frameworks/OpenScripting.framework/Versions/A/OpenScripting
0x0000000005500000 	/System/Library/Frameworks/Carbon.framework/Versions/A/Frameworks/Print.framework/Versions/A/Print
0x0000000005500000 	/System/Library/Frameworks/Carbon.framework/Versions/A/Frameworks/SecurityHI.framework/Versions/A/SecurityHI
0x00000001081cd000 	/Applications/FreeMind2.app/Contents/PlugIns/jdk1.7.0_25.jdk/Contents/Home/jre/lib/libawt.dylib
0x000000010827d000 	/Applications/FreeMind2.app/Contents/PlugIns/jdk1.7.0_25.jdk/Contents/Home/jre/lib/./libmlib_image.dylib
0x0000000108349000 	/Applications/FreeMind2.app/Contents/PlugIns/jdk1.7.0_25.jdk/Contents/Home/jre/lib/lwawt/liblwawt.dylib
0x00000001083fc000 	/Applications/FreeMind2.app/Contents/PlugIns/jdk1.7.0_25.jdk/Contents/Home/jre/lib/libosxapp.dylib
0x0000000005500000 	/System/Library/Frameworks/ExceptionHandling.framework/Versions/A/ExceptionHandling
0x0000000005500000 	/System/Library/PrivateFrameworks/CoreServicesInternal.framework/Versions/A/CoreServicesInternal
0x0000000005500000 	/System/Library/PrivateFrameworks/FamilyControls.framework/Versions/A/FamilyControls
0x0000000005500000 	/System/Library/PrivateFrameworks/CommerceKit.framework/Versions/A/Frameworks/CommerceCore.framework/Versions/A/CommerceCore
0x0000000005500000 	/System/Library/PrivateFrameworks/SystemAdministration.framework/Versions/A/SystemAdministration
0x0000000005500000 	/System/Library/PrivateFrameworks/AppContainer.framework/Versions/A/AppContainer
0x0000000005500000 	/System/Library/PrivateFrameworks/SecCodeWrapper.framework/Versions/A/SecCodeWrapper
0x0000000005500000 	/System/Library/Frameworks/DirectoryService.framework/Versions/A/DirectoryService
0x0000000005500000 	/System/Library/PrivateFrameworks/DiskImages.framework/Versions/A/DiskImages
0x0000000005500000 	/System/Library/PrivateFrameworks/LoginUIKit.framework/Versions/A/Frameworks/LoginUICore.framework/Versions/A/LoginUICore
0x0000000005500000 	/usr/lib/libCoreStorage.dylib
0x0000000005500000 	/usr/lib/libcsfde.dylib
0x0000000005500000 	/usr/lib/libodfde.dylib
0x0000000005500000 	/System/Library/Frameworks/DiscRecording.framework/Versions/A/DiscRecording
0x0000000005500000 	/usr/lib/libcurl.4.dylib
0x0000000005500000 	/System/Library/PrivateFrameworks/MediaKit.framework/Versions/A/MediaKit
0x0000000005500000 	/System/Library/PrivateFrameworks/ProtectedCloudStorage.framework/Versions/A/ProtectedCloudStorage
0x0000000005500000 	/System/Library/PrivateFrameworks/EFILogin.framework/Versions/A/EFILogin
0x0000000005500000 	/usr/lib/libutil.dylib
0x0000000005500000 	/System/Library/PrivateFrameworks/FindMyDevice.framework/Versions/A/FindMyDevice
0x0000000005500000 	/System/Library/Frameworks/LDAP.framework/Versions/A/LDAP
0x0000000005500000 	/usr/lib/libsasl2.2.dylib
0x0000000005500000 	/System/Library/PrivateFrameworks/CoreDaemon.framework/Versions/B/CoreDaemon
0x0000000005500000 	/usr/lib/libcrypto.0.9.8.dylib
0x0000000005500000 	/System/Library/PrivateFrameworks/AppleSRP.framework/Versions/A/AppleSRP
0x0000000005500000 	/System/Library/PrivateFrameworks/TrustEvaluationAgent.framework/Versions/A/TrustEvaluationAgent
0x0000000108914000 	/Applications/FreeMind2.app/Contents/PlugIns/jdk1.7.0_25.jdk/Contents/Home/jre/lib/libfontmanager.dylib
0x0000000005500000 	/System/Library/Frameworks/OpenGL.framework/Versions/A/Resources/GLEngine.bundle/GLEngine
0x0000000005500000 	/System/Library/Frameworks/OpenGL.framework/Versions/A/Libraries/libGLProgrammability.dylib
0x0000000109f72000 	/System/Library/Extensions/GeForceTeslaGLDriver.bundle/Contents/MacOS/GeForceTeslaGLDriver
0x000000010bb32000 	/System/Library/Extensions/GeForceTeslaGLDriver.bundle/Contents/MacOS/libclh.dylib
0x0000000005500000 	/System/Library/PrivateFrameworks/GPUSupport.framework/Versions/A/Libraries/libGPUSupport.dylib
0x0000000005500000 	/System/Library/Frameworks/OpenGL.framework/Versions/A/Resources/GLRendererFloat.bundle/GLRendererFloat
0x0000000005500000 	/System/Library/Frameworks/OpenCL.framework/Versions/A/Libraries/libcldcpuengine.dylib
0x0000000005500000 	/System/Library/Frameworks/CoreGraphics.framework/Versions/A/Resources/libRIP.A.dylib
0x0000000005500000 	/System/Library/Frameworks/Accelerate.framework/Versions/A/Frameworks/vImage.framework/Versions/A/Libraries/libCGInterfaces.dylib
0x000000010c560000 	/Applications/FreeMind2.app/Contents/PlugIns/jdk1.7.0_25.jdk/Contents/Home/jre/lib/libosxui.dylib
0x000000010d540000 	/Applications/FreeMind2.app/Contents/PlugIns/jdk1.7.0_25.jdk/Contents/Home/jre/lib/libnet.dylib
0x000000010d59d000 	/Applications/FreeMind2.app/Contents/PlugIns/jdk1.7.0_25.jdk/Contents/Home/jre/lib/libnio.dylib
0x0000000005500000 	/System/Library/Frameworks/CoreGraphics.framework/Versions/A/Resources/libCGXType.A.dylib
0x0000000005500000 	/System/Library/Frameworks/ApplicationServices.framework/Versions/A/Frameworks/ATS.framework/Versions/A/Resources/libTrueTypeScaler.dylib
0x0000000005500000 	/System/Library/Frameworks/ApplicationServices.framework/Versions/A/Frameworks/ATS.framework/Versions/A/Resources/libType1Scaler.dylib
0x000000010d60e000 	/Applications/FreeMind2.app/Contents/PlugIns/jdk1.7.0_25.jdk/Contents/Home/jre/lib/libosx.dylib
0x000000010f1f5000 	/Applications/FreeMind2.app/Contents/PlugIns/jdk1.7.0_25.jdk/Contents/Home/jre/lib/libdcpr.dylib
0x000000010c405000 	cl_kernels
0x0000000005500000 	/System/Library/Frameworks/OpenCL.framework/Versions/A/Libraries/ImageFormats/unorm8_bgra.dylib
0x0000000005500000 	/System/Library/Frameworks/OpenCL.framework/Versions/A/Libraries/ImageFormats/unorm8_rgba.dylib
0x0000000005500000 	/System/Library/CoreServices/RawCamera.bundle/Contents/MacOS/RawCamera

VM Arguments:
jvm_args: -Djava.library.path=/Applications/FreeMind2.app/Contents/MacOS -Xms64m -Xmx512m -Xss8M -Dapple.laf.useScreenMenuBar=true 
java_command: freemind.main.FreeMindStarter
Launcher Type: SUN_STANDARD

Environment Variables:
PATH=/usr/bin:/bin:/usr/sbin:/sbin
SHELL=/bin/bash

Signal Handlers:
SIGSEGV: [libjvm.dylib+0x4a820f], sa_mask[0]=0xfffefeff, sa_flags=0x00000042
SIGBUS: [libjvm.dylib+0x4a820f], sa_mask[0]=0xfffefeff, sa_flags=0x00000042
SIGFPE: [libjvm.dylib+0x3b7495], sa_mask[0]=0xfffefeff, sa_flags=0x00000042
SIGPIPE: [libjvm.dylib+0x3b7495], sa_mask[0]=0xfffefeff, sa_flags=0x00000042
SIGXFSZ: [libjvm.dylib+0x3b7495], sa_mask[0]=0xfffefeff, sa_flags=0x00000042
SIGILL: [libjvm.dylib+0x3b7495], sa_mask[0]=0xfffefeff, sa_flags=0x00000042
SIGUSR1: SIG_DFL, sa_mask[0]=0x00000000, sa_flags=0x00000000
SIGUSR2: [libjvm.dylib+0x3b702e], sa_mask[0]=0x00000000, sa_flags=0x00000042
SIGHUP: [libjvm.dylib+0x3b528f], sa_mask[0]=0xfffefeff, sa_flags=0x00000042
SIGINT: [libjvm.dylib+0x3b528f], sa_mask[0]=0xfffefeff, sa_flags=0x00000042
SIGTERM: [libjvm.dylib+0x3b528f], sa_mask[0]=0xfffefeff, sa_flags=0x00000042
SIGQUIT: [libjvm.dylib+0x3b528f], sa_mask[0]=0xfffefeff, sa_flags=0x00000042


---------------  S Y S T E M  ---------------

OS:Bsduname:Darwin 15.2.0 Darwin Kernel Version 15.2.0: Fri Nov 13 19:56:56 PST 2015; root:xnu-3248.20.55~2/RELEASE_X86_64 x86_64
rlimit: STACK 8192k, CORE 0k, NPROC 709, NOFILE 10240, AS infinity
load average:3.01 4.07 4.03

CPU:total 2 (2 cores per cpu, 1 threads per core) family 6 model 23 stepping 10, cmov, cx8, fxsr, mmx, sse, sse2, sse3, ssse3, sse4.1, tsc

Memory: 4k page, physical 1338356k(334589k free)

/proc/meminfo:


vm_info: Java HotSpot(TM) 64-Bit Server VM (23.25-b01) for bsd-amd64 JRE (1.7.0_25-b15), built on Jun  5 2013 22:26:36 by "java_re" with gcc 4.2.1 (Based on Apple Inc. build 5658) (LLVM build 2336.11.00)

time: Sun Feb  7 10:17:36 2016
elapsed time: 9091 seconds

